<?xml version="1.0" encoding="UTF-8"?>
<!-- Generated by org.testng.reporters.JUnitReportReporter -->
<testsuite hostname="admin1-HP-Compaq-8100-Elite-SFF-PC" name="log4j.Demo" tests="1" failures="0" timestamp="23 Oct 2018 11:15:31 GMT" time="0.043" errors="0">
  <testcase name="Demo" time="0.043" classname="log4j.Demo"/>
</testsuite> <!-- log4j.Demo -->
